d:\bbr3\server\gaga\build\lib\protobuf-lite\libprotobuf-lite.dir\debug\vc120.pdb
d:\bbr3\server\gaga\build\lib\protobuf-lite\libprotobuf-lite.dir\debug\zero_copy_stream_impl_lite.obj
d:\bbr3\server\gaga\build\lib\protobuf-lite\libprotobuf-lite.dir\debug\zero_copy_stream.obj
d:\bbr3\server\gaga\build\lib\protobuf-lite\libprotobuf-lite.dir\debug\coded_stream.obj
d:\bbr3\server\gaga\build\lib\protobuf-lite\libprotobuf-lite.dir\debug\stringprintf.obj
d:\bbr3\server\gaga\build\lib\protobuf-lite\libprotobuf-lite.dir\debug\once.obj
d:\bbr3\server\gaga\build\lib\protobuf-lite\libprotobuf-lite.dir\debug\common.obj
d:\bbr3\server\gaga\build\lib\protobuf-lite\libprotobuf-lite.dir\debug\atomicops_internals_x86_msvc.obj
d:\bbr3\server\gaga\build\lib\protobuf-lite\libprotobuf-lite.dir\debug\atomicops_internals_x86_gcc.obj
d:\bbr3\server\gaga\build\lib\protobuf-lite\libprotobuf-lite.dir\debug\wire_format_lite.obj
d:\bbr3\server\gaga\build\lib\protobuf-lite\libprotobuf-lite.dir\debug\repeated_field.obj
d:\bbr3\server\gaga\build\lib\protobuf-lite\libprotobuf-lite.dir\debug\message_lite.obj
d:\bbr3\server\gaga\build\lib\protobuf-lite\libprotobuf-lite.dir\debug\generated_message_util.obj
d:\bbr3\server\gaga\build\lib\protobuf-lite\libprotobuf-lite.dir\debug\extension_set.obj
d:\bbr3\server\gaga\build\lib\protobuf-lite\cmakefiles\generate.stamp
d:\bbr3\server\gaga\build\lib\protobuf-lite\debug\libprotobuf-lite.lib
d:\bbr3\server\gaga\build\lib\protobuf-lite\libprotobuf-lite.dir\debug\libprotobuf-lite.tlog\cl.command.1.tlog
d:\bbr3\server\gaga\build\lib\protobuf-lite\libprotobuf-lite.dir\debug\libprotobuf-lite.tlog\cl.read.1.tlog
d:\bbr3\server\gaga\build\lib\protobuf-lite\libprotobuf-lite.dir\debug\libprotobuf-lite.tlog\cl.write.1.tlog
d:\bbr3\server\gaga\build\lib\protobuf-lite\libprotobuf-lite.dir\debug\libprotobuf-lite.tlog\custombuild.command.1.tlog
d:\bbr3\server\gaga\build\lib\protobuf-lite\libprotobuf-lite.dir\debug\libprotobuf-lite.tlog\custombuild.read.1.tlog
d:\bbr3\server\gaga\build\lib\protobuf-lite\libprotobuf-lite.dir\debug\libprotobuf-lite.tlog\custombuild.write.1.tlog
d:\bbr3\server\gaga\build\lib\protobuf-lite\libprotobuf-lite.dir\debug\libprotobuf-lite.tlog\lib-link.read.1.tlog
d:\bbr3\server\gaga\build\lib\protobuf-lite\libprotobuf-lite.dir\debug\libprotobuf-lite.tlog\lib-link.write.1.tlog
d:\bbr3\server\gaga\build\lib\protobuf-lite\libprotobuf-lite.dir\debug\libprotobuf-lite.tlog\lib.command.1.tlog
