生成启动时间为 2017/2/21 16:40:09。
     1>项目“D:\bbr3\server\gaga\build\lib\raknet\Lib\LibStatic\RakNetLibStatic.vcxproj”在节点 3 上(Build 个目标)。
     1>ClCompile:
         F:\Program Files (x86)\Microsoft Visual Studio 12.0\VC\bin\CL.exe /c /ID:\bbr3\server\gaga\lib\raknet\Source /I"D:\bbr3\server\gaga\lib\raknet\DependentExtensions\openssl-1.0.0d\include" /ID:\bbr3\server\gaga\lib\raknet\DependentExtensions /Zi /nologo /W1 /WX- /Od /Ob0 /Oy- /D WIN32 /D _RAKNET_LIB /D _CRT_NONSTDC_NO_DEPRECATE /D _CRT_SECURE_NO_DEPRECATE /D _DEBUG /D "CMAKE_INTDIR=\"Debug\"" /D _MBCS /Gm- /RTC1 /MDd /GS- /fp:precise /Zc:wchar_t /Zc:forScope /GR- /Fo"RakNetLibStatic.dir\Debug\\" /Fd"RakNetLibStatic.dir\Debug\vc120.pdb" /Gd /TP /analyze- /errorReport:prompt D:\bbr3\server\gaga\lib\raknet\Source\Base64Encoder.cpp D:\bbr3\server\gaga\lib\raknet\Source\BitStream.cpp D:\bbr3\server\gaga\lib\raknet\Source\CCRakNetSlidingWindow.cpp D:\bbr3\server\gaga\lib\raknet\Source\CCRakNetUDT.cpp D:\bbr3\server\gaga\lib\raknet\Source\CheckSum.cpp D:\bbr3\server\gaga\lib\raknet\Source\CloudClient.cpp D:\bbr3\server\gaga\lib\raknet\Source\CloudCommon.cpp D:\bbr3\server\gaga\lib\raknet\Source\CloudServer.cpp D:\bbr3\server\gaga\lib\raknet\Source\CommandParserInterface.cpp D:\bbr3\server\gaga\lib\raknet\Source\ConnectionGraph2.cpp D:\bbr3\server\gaga\lib\raknet\Source\ConsoleServer.cpp D:\bbr3\server\gaga\lib\raknet\Source\DR_SHA1.cpp D:\bbr3\server\gaga\lib\raknet\Source\DS_BytePool.cpp D:\bbr3\server\gaga\lib\raknet\Source\DS_ByteQueue.cpp D:\bbr3\server\gaga\lib\raknet\Source\DS_HuffmanEncodingTree.cpp D:\bbr3\server\gaga\lib\raknet\Source\DS_Table.cpp D:\bbr3\server\gaga\lib\raknet\Source\DataCompressor.cpp D:\bbr3\server\gaga\lib\raknet\Source\DirectoryDeltaTransfer.cpp D:\bbr3\server\gaga\lib\raknet\Source\DynDNS.cpp D:\bbr3\server\gaga\lib\raknet\Source\EmailSender.cpp D:\bbr3\server\gaga\lib\raknet\Source\EpochTimeToString.cpp D:\bbr3\server\gaga\lib\raknet\Source\FileList.cpp D:\bbr3\server\gaga\lib\raknet\Source\FileListTransfer.cpp D:\bbr3\server\gaga\lib\raknet\Source\FileOperations.cpp D:\bbr3\server\gaga\lib\raknet\Source\FormatString.cpp D:\bbr3\server\gaga\lib\raknet\Source\FullyConnectedMesh2.cpp D:\bbr3\server\gaga\lib\raknet\Source\GetTime.cpp D:\bbr3\server\gaga\lib\raknet\Source\Getche.cpp D:\bbr3\server\gaga\lib\raknet\Source\Gets.cpp D:\bbr3\server\gaga\lib\raknet\Source\GridSectorizer.cpp D:\bbr3\server\gaga\lib\raknet\Source\HTTPConnection.cpp D:\bbr3\server\gaga\lib\raknet\Source\HTTPConnection2.cpp D:\bbr3\server\gaga\lib\raknet\Source\IncrementalReadInterface.cpp D:\bbr3\server\gaga\lib\raknet\Source\Itoa.cpp D:\bbr3\server\gaga\lib\raknet\Source\LinuxStrings.cpp D:\bbr3\server\gaga\lib\raknet\Source\LocklessTypes.cpp D:\bbr3\server\gaga\lib\raknet\Source\LogCommandParser.cpp D:\bbr3\server\gaga\lib\raknet\Source\MessageFilter.cpp D:\bbr3\server\gaga\lib\raknet\Source\NatPunchthroughClient.cpp D:\bbr3\server\gaga\lib\raknet\Source\NatPunchthroughServer.cpp D:\bbr3\server\gaga\lib\raknet\Source\NatTypeDetectionClient.cpp D:\bbr3\server\gaga\lib\raknet\Source\NatTypeDetectionCommon.cpp D:\bbr3\server\gaga\lib\raknet\Source\NatTypeDetectionServer.cpp D:\bbr3\server\gaga\lib\raknet\Source\NetworkIDManager.cpp D:\bbr3\server\gaga\lib\raknet\Source\NetworkIDObject.cpp D:\bbr3\server\gaga\lib\raknet\Source\PS4Includes.cpp D:\bbr3\server\gaga\lib\raknet\Source\PacketConsoleLogger.cpp D:\bbr3\server\gaga\lib\raknet\Source\PacketFileLogger.cpp D:\bbr3\server\gaga\lib\raknet\Source\PacketLogger.cpp D:\bbr3\server\gaga\lib\raknet\Source\PacketOutputWindowLogger.cpp D:\bbr3\server\gaga\lib\raknet\Source\PacketizedTCP.cpp D:\bbr3\server\gaga\lib\raknet\Source\PluginInterface2.cpp D:\bbr3\server\gaga\lib\raknet\Source\RPC4Plugin.cpp D:\bbr3\server\gaga\lib\raknet\Source\Rackspace.cpp D:\bbr3\server\gaga\lib\raknet\Source\RakMemoryOverride.cpp D:\bbr3\server\gaga\lib\raknet\Source\RakNetCommandParser.cpp D:\bbr3\server\gaga\lib\raknet\Source\RakNetSocket.cpp D:\bbr3\server\gaga\lib\raknet\Source\RakNetSocket2.cpp D:\bbr3\server\gaga\lib\raknet\Source\RakNetSocket2_360_720.cpp D:\bbr3\server\gaga\lib\raknet\Source\RakNetSocket2_Berkley.cpp D:\bbr3\server\gaga\lib\raknet\Source\RakNetSocket2_Berkley_NativeClient.cpp D:\bbr3\server\gaga\lib\raknet\Source\RakNetSocket2_NativeClient.cpp D:\bbr3\server\gaga\lib\raknet\Source\RakNetSocket2_PS3_PS4.cpp D:\bbr3\server\gaga\lib\raknet\Source\RakNetSocket2_PS4.cpp D:\bbr3\server\gaga\lib\raknet\Source\RakNetSocket2_Vita.cpp D:\bbr3\server\gaga\lib\raknet\Source\RakNetSocket2_WindowsStore8.cpp D:\bbr3\server\gaga\lib\raknet\Source\RakNetSocket2_Windows_Linux.cpp D:\bbr3\server\gaga\lib\raknet\Source\RakNetSocket2_Windows_Linux_360.cpp D:\bbr3\server\gaga\lib\raknet\Source\RakNetStatistics.cpp D:\bbr3\server\gaga\lib\raknet\Source\RakNetTransport2.cpp D:\bbr3\server\gaga\lib\raknet\Source\RakNetTypes.cpp D:\bbr3\server\gaga\lib\raknet\Source\RakPeer.cpp D:\bbr3\server\gaga\lib\raknet\Source\RakSleep.cpp D:\bbr3\server\gaga\lib\raknet\Source\RakString.cpp D:\bbr3\server\gaga\lib\raknet\Source\RakThread.cpp D:\bbr3\server\gaga\lib\raknet\Source\RakWString.cpp D:\bbr3\server\gaga\lib\raknet\Source\Rand.cpp D:\bbr3\server\gaga\lib\raknet\Source\RandSync.cpp D:\bbr3\server\gaga\lib\raknet\Source\ReadyEvent.cpp D:\bbr3\server\gaga\lib\raknet\Source\RelayPlugin.cpp D:\bbr3\server\gaga\lib\raknet\Source\ReliabilityLayer.cpp D:\bbr3\server\gaga\lib\raknet\Source\ReplicaManager3.cpp D:\bbr3\server\gaga\lib\raknet\Source\Router2.cpp D:\bbr3\server\gaga\lib\raknet\Source\SecureHandshake.cpp D:\bbr3\server\gaga\lib\raknet\Source\SendToThread.cpp D:\bbr3\server\gaga\lib\raknet\Source\SignaledEvent.cpp D:\bbr3\server\gaga\lib\raknet\Source\SimpleMutex.cpp D:\bbr3\server\gaga\lib\raknet\Source\SocketLayer.cpp D:\bbr3\server\gaga\lib\raknet\Source\StatisticsHistory.cpp D:\bbr3\server\gaga\lib\raknet\Source\StringCompressor.cpp D:\bbr3\server\gaga\lib\raknet\Source\StringTable.cpp D:\bbr3\server\gaga\lib\raknet\Source\SuperFastHash.cpp D:\bbr3\server\gaga\lib\raknet\Source\TCPInterface.cpp D:\bbr3\server\gaga\lib\raknet\Source\TableSerializer.cpp D:\bbr3\server\gaga\lib\raknet\Source\TeamBalancer.cpp D:\bbr3\server\gaga\lib\raknet\Source\TeamManager.cpp D:\bbr3\server\gaga\lib\raknet\Source\TelnetTransport.cpp D:\bbr3\server\gaga\lib\raknet\Source\ThreadsafePacketLogger.cpp D:\bbr3\server\gaga\lib\raknet\Source\TwoWayAuthentication.cpp D:\bbr3\server\gaga\lib\raknet\Source\UDPForwarder.cpp D:\bbr3\server\gaga\lib\raknet\Source\UDPProxyClient.cpp D:\bbr3\server\gaga\lib\raknet\Source\UDPProxyCoordinator.cpp D:\bbr3\server\gaga\lib\raknet\Source\UDPProxyServer.cpp D:\bbr3\server\gaga\lib\raknet\Source\VariableDeltaSerializer.cpp D:\bbr3\server\gaga\lib\raknet\Source\VariableListDeltaTracker.cpp D:\bbr3\server\gaga\lib\raknet\Source\VariadicSQLParser.cpp D:\bbr3\server\gaga\lib\raknet\Source\VitaIncludes.cpp D:\bbr3\server\gaga\lib\raknet\Source\WSAStartupSingleton.cpp D:\bbr3\server\gaga\lib\raknet\Source\_FindFirst.cpp D:\bbr3\server\gaga\lib\raknet\Source\gettimeofday.cpp
         Base64Encoder.cpp
         BitStream.cpp
         CCRakNetSlidingWindow.cpp
         CCRakNetUDT.cpp
         CheckSum.cpp
         CloudClient.cpp
         CloudCommon.cpp
         CloudServer.cpp
         CommandParserInterface.cpp
         ConnectionGraph2.cpp
         ConsoleServer.cpp
         DR_SHA1.cpp
     1>F:\Program Files (x86)\Microsoft Visual Studio 12.0\VC\include\xlocale(337): warning C4530: 使用了 C++ 异常处理程序，但未启用展开语义。请指定 /EHsc
         DS_BytePool.cpp
         DS_ByteQueue.cpp
         DS_HuffmanEncodingTree.cpp
         DS_Table.cpp
         DataCompressor.cpp
         DirectoryDeltaTransfer.cpp
         DynDNS.cpp
         EmailSender.cpp
         正在生成代码...
         正在编译...
         EpochTimeToString.cpp
         FileList.cpp
         FileListTransfer.cpp
         FileOperations.cpp
         FormatString.cpp
         FullyConnectedMesh2.cpp
         GetTime.cpp
         Getche.cpp
         Gets.cpp
         GridSectorizer.cpp
         HTTPConnection.cpp
         HTTPConnection2.cpp
         IncrementalReadInterface.cpp
         Itoa.cpp
         LinuxStrings.cpp
         LocklessTypes.cpp
         LogCommandParser.cpp
         MessageFilter.cpp
         NatPunchthroughClient.cpp
         NatPunchthroughServer.cpp
         正在生成代码...
         正在编译...
         NatTypeDetectionClient.cpp
         NatTypeDetectionCommon.cpp
         NatTypeDetectionServer.cpp
         NetworkIDManager.cpp
         NetworkIDObject.cpp
         PS4Includes.cpp
         PacketConsoleLogger.cpp
         PacketFileLogger.cpp
         PacketLogger.cpp
         PacketOutputWindowLogger.cpp
         PacketizedTCP.cpp
         PluginInterface2.cpp
         RPC4Plugin.cpp
         Rackspace.cpp
         RakMemoryOverride.cpp
         RakNetCommandParser.cpp
         RakNetSocket.cpp
         RakNetSocket2.cpp
         RakNetSocket2_360_720.cpp
         RakNetSocket2_Berkley.cpp
         正在生成代码...
         正在编译...
         RakNetSocket2_Berkley_NativeClient.cpp
         RakNetSocket2_NativeClient.cpp
         RakNetSocket2_PS3_PS4.cpp
         RakNetSocket2_PS4.cpp
         RakNetSocket2_Vita.cpp
         RakNetSocket2_WindowsStore8.cpp
         RakNetSocket2_Windows_Linux.cpp
         RakNetSocket2_Windows_Linux_360.cpp
         RakNetStatistics.cpp
         RakNetTransport2.cpp
         RakNetTypes.cpp
         RakPeer.cpp
     1>F:\Program Files (x86)\Microsoft Visual Studio 12.0\VC\include\xlocale(337): warning C4530: 使用了 C++ 异常处理程序，但未启用展开语义。请指定 /EHsc
         RakSleep.cpp
         RakString.cpp
         RakThread.cpp
         RakWString.cpp
         Rand.cpp
         RandSync.cpp
         ReadyEvent.cpp
         RelayPlugin.cpp
         正在生成代码...
         正在编译...
         ReliabilityLayer.cpp
     1>F:\Program Files (x86)\Microsoft Visual Studio 12.0\VC\include\xlocale(337): warning C4530: 使用了 C++ 异常处理程序，但未启用展开语义。请指定 /EHsc
         ReplicaManager3.cpp
         Router2.cpp
         SecureHandshake.cpp
         SendToThread.cpp
         SignaledEvent.cpp
         SimpleMutex.cpp
         SocketLayer.cpp
     1>F:\Program Files (x86)\Microsoft Visual Studio 12.0\VC\include\xlocale(337): warning C4530: 使用了 C++ 异常处理程序，但未启用展开语义。请指定 /EHsc
         StatisticsHistory.cpp
         StringCompressor.cpp
         StringTable.cpp
         SuperFastHash.cpp
         TCPInterface.cpp
         TableSerializer.cpp
         TeamBalancer.cpp
         TeamManager.cpp
         TelnetTransport.cpp
         ThreadsafePacketLogger.cpp
         TwoWayAuthentication.cpp
     1>F:\Program Files (x86)\Microsoft Visual Studio 12.0\VC\include\xlocale(337): warning C4530: 使用了 C++ 异常处理程序，但未启用展开语义。请指定 /EHsc
         UDPForwarder.cpp
         正在生成代码...
         正在编译...
         UDPProxyClient.cpp
         UDPProxyCoordinator.cpp
         UDPProxyServer.cpp
         VariableDeltaSerializer.cpp
         VariableListDeltaTracker.cpp
         VariadicSQLParser.cpp
         VitaIncludes.cpp
         WSAStartupSingleton.cpp
         _FindFirst.cpp
         gettimeofday.cpp
         正在生成代码...
       Lib:
         F:\Program Files (x86)\Microsoft Visual Studio 12.0\VC\bin\Lib.exe /OUT:"D:\bbr3\server\gaga\build\lib\raknet\Lib\LibStatic\Debug\RakNetLibStatic.lib" /NOLOGO /NODEFAULTLIB:"LIBCD.lib LIBCMTD.lib MSVCRT.lib"  /machine:X86 RakNetLibStatic.dir\Debug\Base64Encoder.obj
         RakNetLibStatic.dir\Debug\BitStream.obj
         RakNetLibStatic.dir\Debug\CCRakNetSlidingWindow.obj
         RakNetLibStatic.dir\Debug\CCRakNetUDT.obj
         RakNetLibStatic.dir\Debug\CheckSum.obj
         RakNetLibStatic.dir\Debug\CloudClient.obj
         RakNetLibStatic.dir\Debug\CloudCommon.obj
         RakNetLibStatic.dir\Debug\CloudServer.obj
         RakNetLibStatic.dir\Debug\CommandParserInterface.obj
         RakNetLibStatic.dir\Debug\ConnectionGraph2.obj
         RakNetLibStatic.dir\Debug\ConsoleServer.obj
         RakNetLibStatic.dir\Debug\DR_SHA1.obj
         RakNetLibStatic.dir\Debug\DS_BytePool.obj
         RakNetLibStatic.dir\Debug\DS_ByteQueue.obj
         RakNetLibStatic.dir\Debug\DS_HuffmanEncodingTree.obj
         RakNetLibStatic.dir\Debug\DS_Table.obj
         RakNetLibStatic.dir\Debug\DataCompressor.obj
         RakNetLibStatic.dir\Debug\DirectoryDeltaTransfer.obj
         RakNetLibStatic.dir\Debug\DynDNS.obj
         RakNetLibStatic.dir\Debug\EmailSender.obj
         RakNetLibStatic.dir\Debug\EpochTimeToString.obj
         RakNetLibStatic.dir\Debug\FileList.obj
         RakNetLibStatic.dir\Debug\FileListTransfer.obj
         RakNetLibStatic.dir\Debug\FileOperations.obj
         RakNetLibStatic.dir\Debug\FormatString.obj
         RakNetLibStatic.dir\Debug\FullyConnectedMesh2.obj
         RakNetLibStatic.dir\Debug\GetTime.obj
         RakNetLibStatic.dir\Debug\Getche.obj
         RakNetLibStatic.dir\Debug\Gets.obj
         RakNetLibStatic.dir\Debug\GridSectorizer.obj
         RakNetLibStatic.dir\Debug\HTTPConnection.obj
         RakNetLibStatic.dir\Debug\HTTPConnection2.obj
         RakNetLibStatic.dir\Debug\IncrementalReadInterface.obj
         RakNetLibStatic.dir\Debug\Itoa.obj
         RakNetLibStatic.dir\Debug\LinuxStrings.obj
         RakNetLibStatic.dir\Debug\LocklessTypes.obj
         RakNetLibStatic.dir\Debug\LogCommandParser.obj
         RakNetLibStatic.dir\Debug\MessageFilter.obj
         RakNetLibStatic.dir\Debug\NatPunchthroughClient.obj
         RakNetLibStatic.dir\Debug\NatPunchthroughServer.obj
         RakNetLibStatic.dir\Debug\NatTypeDetectionClient.obj
         RakNetLibStatic.dir\Debug\NatTypeDetectionCommon.obj
         RakNetLibStatic.dir\Debug\NatTypeDetectionServer.obj
         RakNetLibStatic.dir\Debug\NetworkIDManager.obj
         RakNetLibStatic.dir\Debug\NetworkIDObject.obj
         RakNetLibStatic.dir\Debug\PS4Includes.obj
         RakNetLibStatic.dir\Debug\PacketConsoleLogger.obj
         RakNetLibStatic.dir\Debug\PacketFileLogger.obj
         RakNetLibStatic.dir\Debug\PacketLogger.obj
         RakNetLibStatic.dir\Debug\PacketOutputWindowLogger.obj
         RakNetLibStatic.dir\Debug\PacketizedTCP.obj
         RakNetLibStatic.dir\Debug\PluginInterface2.obj
         RakNetLibStatic.dir\Debug\RPC4Plugin.obj
         RakNetLibStatic.dir\Debug\Rackspace.obj
         RakNetLibStatic.dir\Debug\RakMemoryOverride.obj
         RakNetLibStatic.dir\Debug\RakNetCommandParser.obj
         RakNetLibStatic.dir\Debug\RakNetSocket.obj
         RakNetLibStatic.dir\Debug\RakNetSocket2.obj
         RakNetLibStatic.dir\Debug\RakNetSocket2_360_720.obj
         RakNetLibStatic.dir\Debug\RakNetSocket2_Berkley.obj
         RakNetLibStatic.dir\Debug\RakNetSocket2_Berkley_NativeClient.obj
         RakNetLibStatic.dir\Debug\RakNetSocket2_NativeClient.obj
         RakNetLibStatic.dir\Debug\RakNetSocket2_PS3_PS4.obj
         RakNetLibStatic.dir\Debug\RakNetSocket2_PS4.obj
         RakNetLibStatic.dir\Debug\RakNetSocket2_Vita.obj
         RakNetLibStatic.dir\Debug\RakNetSocket2_WindowsStore8.obj
         RakNetLibStatic.dir\Debug\RakNetSocket2_Windows_Linux.obj
         RakNetLibStatic.dir\Debug\RakNetSocket2_Windows_Linux_360.obj
         RakNetLibStatic.dir\Debug\RakNetStatistics.obj
         RakNetLibStatic.dir\Debug\RakNetTransport2.obj
         RakNetLibStatic.dir\Debug\RakNetTypes.obj
         RakNetLibStatic.dir\Debug\RakPeer.obj
         RakNetLibStatic.dir\Debug\RakSleep.obj
         RakNetLibStatic.dir\Debug\RakString.obj
         RakNetLibStatic.dir\Debug\RakThread.obj
         RakNetLibStatic.dir\Debug\RakWString.obj
         RakNetLibStatic.dir\Debug\Rand.obj
         RakNetLibStatic.dir\Debug\RandSync.obj
         RakNetLibStatic.dir\Debug\ReadyEvent.obj
         RakNetLibStatic.dir\Debug\RelayPlugin.obj
         RakNetLibStatic.dir\Debug\ReliabilityLayer.obj
         RakNetLibStatic.dir\Debug\ReplicaManager3.obj
         RakNetLibStatic.dir\Debug\Router2.obj
         RakNetLibStatic.dir\Debug\SecureHandshake.obj
         RakNetLibStatic.dir\Debug\SendToThread.obj
         RakNetLibStatic.dir\Debug\SignaledEvent.obj
         RakNetLibStatic.dir\Debug\SimpleMutex.obj
         RakNetLibStatic.dir\Debug\SocketLayer.obj
         RakNetLibStatic.dir\Debug\StatisticsHistory.obj
         RakNetLibStatic.dir\Debug\StringCompressor.obj
         RakNetLibStatic.dir\Debug\StringTable.obj
         RakNetLibStatic.dir\Debug\SuperFastHash.obj
         RakNetLibStatic.dir\Debug\TCPInterface.obj
         RakNetLibStatic.dir\Debug\TableSerializer.obj
         RakNetLibStatic.dir\Debug\TeamBalancer.obj
         RakNetLibStatic.dir\Debug\TeamManager.obj
         RakNetLibStatic.dir\Debug\TelnetTransport.obj
         RakNetLibStatic.dir\Debug\ThreadsafePacketLogger.obj
         RakNetLibStatic.dir\Debug\TwoWayAuthentication.obj
         RakNetLibStatic.dir\Debug\UDPForwarder.obj
         RakNetLibStatic.dir\Debug\UDPProxyClient.obj
         RakNetLibStatic.dir\Debug\UDPProxyCoordinator.obj
         RakNetLibStatic.dir\Debug\UDPProxyServer.obj
         RakNetLibStatic.dir\Debug\VariableDeltaSerializer.obj
         RakNetLibStatic.dir\Debug\VariableListDeltaTracker.obj
         RakNetLibStatic.dir\Debug\VariadicSQLParser.obj
         RakNetLibStatic.dir\Debug\VitaIncludes.obj
         RakNetLibStatic.dir\Debug\WSAStartupSingleton.obj
         RakNetLibStatic.dir\Debug\_FindFirst.obj
         RakNetLibStatic.dir\Debug\gettimeofday.obj
         RakNetLibStatic.vcxproj -> D:\bbr3\server\gaga\build\lib\raknet\Lib\LibStatic\Debug\RakNetLibStatic.lib
     1>已完成生成项目“D:\bbr3\server\gaga\build\lib\raknet\Lib\LibStatic\RakNetLibStatic.vcxproj”(Build 个目标)的操作。

生成成功。

已用时间 00:00:34.38
