d:\bbr3\server\gaga\build\lib\raknet\lib\libstatic\debug\vc120.pdb
d:\bbr3\server\gaga\build\lib\raknet\lib\libstatic\debug\emailsender.obj
d:\bbr3\server\gaga\build\lib\raknet\lib\libstatic\debug\dyndns.obj
d:\bbr3\server\gaga\build\lib\raknet\lib\libstatic\debug\directorydeltatransfer.obj
d:\bbr3\server\gaga\build\lib\raknet\lib\libstatic\debug\datacompressor.obj
d:\bbr3\server\gaga\build\lib\raknet\lib\libstatic\debug\ds_table.obj
d:\bbr3\server\gaga\build\lib\raknet\lib\libstatic\debug\ds_huffmanencodingtree.obj
d:\bbr3\server\gaga\build\lib\raknet\lib\libstatic\debug\ds_bytequeue.obj
d:\bbr3\server\gaga\build\lib\raknet\lib\libstatic\debug\ds_bytepool.obj
d:\bbr3\server\gaga\build\lib\raknet\lib\libstatic\debug\dr_sha1.obj
d:\bbr3\server\gaga\build\lib\raknet\lib\libstatic\debug\consoleserver.obj
d:\bbr3\server\gaga\build\lib\raknet\lib\libstatic\debug\connectiongraph2.obj
d:\bbr3\server\gaga\build\lib\raknet\lib\libstatic\debug\commandparserinterface.obj
d:\bbr3\server\gaga\build\lib\raknet\lib\libstatic\debug\cloudserver.obj
d:\bbr3\server\gaga\build\lib\raknet\lib\libstatic\debug\cloudcommon.obj
d:\bbr3\server\gaga\build\lib\raknet\lib\libstatic\debug\cloudclient.obj
d:\bbr3\server\gaga\build\lib\raknet\lib\libstatic\debug\checksum.obj
d:\bbr3\server\gaga\build\lib\raknet\lib\libstatic\debug\ccraknetudt.obj
d:\bbr3\server\gaga\build\lib\raknet\lib\libstatic\debug\ccraknetslidingwindow.obj
d:\bbr3\server\gaga\build\lib\raknet\lib\libstatic\debug\bitstream.obj
d:\bbr3\server\gaga\build\lib\raknet\lib\libstatic\debug\base64encoder.obj
d:\bbr3\server\gaga\build\lib\raknet\lib\libstatic\debug\natpunchthroughserver.obj
d:\bbr3\server\gaga\build\lib\raknet\lib\libstatic\debug\natpunchthroughclient.obj
d:\bbr3\server\gaga\build\lib\raknet\lib\libstatic\debug\messagefilter.obj
d:\bbr3\server\gaga\build\lib\raknet\lib\libstatic\debug\logcommandparser.obj
d:\bbr3\server\gaga\build\lib\raknet\lib\libstatic\debug\locklesstypes.obj
d:\bbr3\server\gaga\build\lib\raknet\lib\libstatic\debug\linuxstrings.obj
d:\bbr3\server\gaga\build\lib\raknet\lib\libstatic\debug\itoa.obj
d:\bbr3\server\gaga\build\lib\raknet\lib\libstatic\debug\incrementalreadinterface.obj
d:\bbr3\server\gaga\build\lib\raknet\lib\libstatic\debug\httpconnection2.obj
d:\bbr3\server\gaga\build\lib\raknet\lib\libstatic\debug\httpconnection.obj
d:\bbr3\server\gaga\build\lib\raknet\lib\libstatic\debug\gridsectorizer.obj
d:\bbr3\server\gaga\build\lib\raknet\lib\libstatic\debug\gets.obj
d:\bbr3\server\gaga\build\lib\raknet\lib\libstatic\debug\getche.obj
d:\bbr3\server\gaga\build\lib\raknet\lib\libstatic\debug\gettime.obj
d:\bbr3\server\gaga\build\lib\raknet\lib\libstatic\debug\fullyconnectedmesh2.obj
d:\bbr3\server\gaga\build\lib\raknet\lib\libstatic\debug\formatstring.obj
d:\bbr3\server\gaga\build\lib\raknet\lib\libstatic\debug\fileoperations.obj
d:\bbr3\server\gaga\build\lib\raknet\lib\libstatic\debug\filelisttransfer.obj
d:\bbr3\server\gaga\build\lib\raknet\lib\libstatic\debug\filelist.obj
d:\bbr3\server\gaga\build\lib\raknet\lib\libstatic\debug\epochtimetostring.obj
d:\bbr3\server\gaga\build\lib\raknet\lib\libstatic\debug\raknetsocket2_berkley.obj
d:\bbr3\server\gaga\build\lib\raknet\lib\libstatic\debug\raknetsocket2_360_720.obj
d:\bbr3\server\gaga\build\lib\raknet\lib\libstatic\debug\raknetsocket2.obj
d:\bbr3\server\gaga\build\lib\raknet\lib\libstatic\debug\raknetsocket.obj
d:\bbr3\server\gaga\build\lib\raknet\lib\libstatic\debug\raknetcommandparser.obj
d:\bbr3\server\gaga\build\lib\raknet\lib\libstatic\debug\rakmemoryoverride.obj
d:\bbr3\server\gaga\build\lib\raknet\lib\libstatic\debug\rackspace.obj
d:\bbr3\server\gaga\build\lib\raknet\lib\libstatic\debug\rpc4plugin.obj
d:\bbr3\server\gaga\build\lib\raknet\lib\libstatic\debug\plugininterface2.obj
d:\bbr3\server\gaga\build\lib\raknet\lib\libstatic\debug\packetizedtcp.obj
d:\bbr3\server\gaga\build\lib\raknet\lib\libstatic\debug\packetoutputwindowlogger.obj
d:\bbr3\server\gaga\build\lib\raknet\lib\libstatic\debug\packetlogger.obj
d:\bbr3\server\gaga\build\lib\raknet\lib\libstatic\debug\packetfilelogger.obj
d:\bbr3\server\gaga\build\lib\raknet\lib\libstatic\debug\packetconsolelogger.obj
d:\bbr3\server\gaga\build\lib\raknet\lib\libstatic\debug\ps4includes.obj
d:\bbr3\server\gaga\build\lib\raknet\lib\libstatic\debug\networkidobject.obj
d:\bbr3\server\gaga\build\lib\raknet\lib\libstatic\debug\networkidmanager.obj
d:\bbr3\server\gaga\build\lib\raknet\lib\libstatic\debug\nattypedetectionserver.obj
d:\bbr3\server\gaga\build\lib\raknet\lib\libstatic\debug\nattypedetectioncommon.obj
d:\bbr3\server\gaga\build\lib\raknet\lib\libstatic\debug\nattypedetectionclient.obj
d:\bbr3\server\gaga\build\lib\raknet\lib\libstatic\debug\relayplugin.obj
d:\bbr3\server\gaga\build\lib\raknet\lib\libstatic\debug\readyevent.obj
d:\bbr3\server\gaga\build\lib\raknet\lib\libstatic\debug\randsync.obj
d:\bbr3\server\gaga\build\lib\raknet\lib\libstatic\debug\rand.obj
d:\bbr3\server\gaga\build\lib\raknet\lib\libstatic\debug\rakwstring.obj
d:\bbr3\server\gaga\build\lib\raknet\lib\libstatic\debug\rakthread.obj
d:\bbr3\server\gaga\build\lib\raknet\lib\libstatic\debug\rakstring.obj
d:\bbr3\server\gaga\build\lib\raknet\lib\libstatic\debug\raksleep.obj
d:\bbr3\server\gaga\build\lib\raknet\lib\libstatic\debug\rakpeer.obj
d:\bbr3\server\gaga\build\lib\raknet\lib\libstatic\debug\raknettypes.obj
d:\bbr3\server\gaga\build\lib\raknet\lib\libstatic\debug\raknettransport2.obj
d:\bbr3\server\gaga\build\lib\raknet\lib\libstatic\debug\raknetstatistics.obj
d:\bbr3\server\gaga\build\lib\raknet\lib\libstatic\debug\raknetsocket2_windows_linux_360.obj
d:\bbr3\server\gaga\build\lib\raknet\lib\libstatic\debug\raknetsocket2_windows_linux.obj
d:\bbr3\server\gaga\build\lib\raknet\lib\libstatic\debug\raknetsocket2_windowsstore8.obj
d:\bbr3\server\gaga\build\lib\raknet\lib\libstatic\debug\raknetsocket2_vita.obj
d:\bbr3\server\gaga\build\lib\raknet\lib\libstatic\debug\raknetsocket2_ps4.obj
d:\bbr3\server\gaga\build\lib\raknet\lib\libstatic\debug\raknetsocket2_ps3_ps4.obj
d:\bbr3\server\gaga\build\lib\raknet\lib\libstatic\debug\raknetsocket2_nativeclient.obj
d:\bbr3\server\gaga\build\lib\raknet\lib\libstatic\debug\raknetsocket2_berkley_nativeclient.obj
d:\bbr3\server\gaga\build\lib\raknet\lib\libstatic\debug\udpforwarder.obj
d:\bbr3\server\gaga\build\lib\raknet\lib\libstatic\debug\twowayauthentication.obj
d:\bbr3\server\gaga\build\lib\raknet\lib\libstatic\debug\threadsafepacketlogger.obj
d:\bbr3\server\gaga\build\lib\raknet\lib\libstatic\debug\telnettransport.obj
d:\bbr3\server\gaga\build\lib\raknet\lib\libstatic\debug\teammanager.obj
d:\bbr3\server\gaga\build\lib\raknet\lib\libstatic\debug\teambalancer.obj
d:\bbr3\server\gaga\build\lib\raknet\lib\libstatic\debug\tableserializer.obj
d:\bbr3\server\gaga\build\lib\raknet\lib\libstatic\debug\tcpinterface.obj
d:\bbr3\server\gaga\build\lib\raknet\lib\libstatic\debug\superfasthash.obj
d:\bbr3\server\gaga\build\lib\raknet\lib\libstatic\debug\stringtable.obj
d:\bbr3\server\gaga\build\lib\raknet\lib\libstatic\debug\stringcompressor.obj
d:\bbr3\server\gaga\build\lib\raknet\lib\libstatic\debug\statisticshistory.obj
d:\bbr3\server\gaga\build\lib\raknet\lib\libstatic\debug\socketlayer.obj
d:\bbr3\server\gaga\build\lib\raknet\lib\libstatic\debug\simplemutex.obj
d:\bbr3\server\gaga\build\lib\raknet\lib\libstatic\debug\signaledevent.obj
d:\bbr3\server\gaga\build\lib\raknet\lib\libstatic\debug\sendtothread.obj
d:\bbr3\server\gaga\build\lib\raknet\lib\libstatic\debug\securehandshake.obj
d:\bbr3\server\gaga\build\lib\raknet\lib\libstatic\debug\router2.obj
d:\bbr3\server\gaga\build\lib\raknet\lib\libstatic\debug\replicamanager3.obj
d:\bbr3\server\gaga\build\lib\raknet\lib\libstatic\debug\reliabilitylayer.obj
d:\bbr3\server\gaga\build\lib\raknet\lib\libstatic\debug\gettimeofday.obj
d:\bbr3\server\gaga\build\lib\raknet\lib\libstatic\debug\_findfirst.obj
d:\bbr3\server\gaga\build\lib\raknet\lib\libstatic\debug\wsastartupsingleton.obj
d:\bbr3\server\gaga\build\lib\raknet\lib\libstatic\debug\vitaincludes.obj
d:\bbr3\server\gaga\build\lib\raknet\lib\libstatic\debug\variadicsqlparser.obj
d:\bbr3\server\gaga\build\lib\raknet\lib\libstatic\debug\variablelistdeltatracker.obj
d:\bbr3\server\gaga\build\lib\raknet\lib\libstatic\debug\variabledeltaserializer.obj
d:\bbr3\server\gaga\build\lib\raknet\lib\libstatic\debug\udpproxyserver.obj
d:\bbr3\server\gaga\build\lib\raknet\lib\libstatic\debug\udpproxycoordinator.obj
d:\bbr3\server\gaga\build\lib\raknet\lib\libstatic\debug\udpproxyclient.obj
d:\bbr3\server\gaga\build\lib\raknet\lib\libstatic\cmakefiles\generate.stamp
d:\bbr3\server\gaga\build\lib\raknet\lib\libstatic\debug\raknetlibstatic.tlog\cl.command.1.tlog
d:\bbr3\server\gaga\build\lib\raknet\lib\libstatic\debug\raknetlibstatic.tlog\cl.read.1.tlog
d:\bbr3\server\gaga\build\lib\raknet\lib\libstatic\debug\raknetlibstatic.tlog\cl.write.1.tlog
d:\bbr3\server\gaga\build\lib\raknet\lib\libstatic\debug\raknetlibstatic.tlog\custombuild.command.1.tlog
d:\bbr3\server\gaga\build\lib\raknet\lib\libstatic\debug\raknetlibstatic.tlog\custombuild.read.1.tlog
d:\bbr3\server\gaga\build\lib\raknet\lib\libstatic\debug\raknetlibstatic.tlog\custombuild.write.1.tlog
d:\bbr3\server\gaga\build\lib\raknet\lib\libstatic\debug\raknetlibstatic.tlog\lib-link.read.1.tlog
d:\bbr3\server\gaga\build\lib\raknet\lib\libstatic\debug\raknetlibstatic.tlog\lib-link.write.1.tlog
d:\bbr3\server\gaga\build\lib\raknet\lib\libstatic\debug\raknetlibstatic.tlog\lib.command.1.tlog
